<?xml version="1.0" encoding="UTF-8"?>
<!-- Generated by org.testng.reporters.JUnitReportReporter -->
<testsuite skipped="0" hostname="Compaq-PC" name="com.qa.testcase.Calc" tests="2" failures="0" timestamp="17 Apr 2018 23:45:12 GMT" time="0.021" errors="0">
  <testcase name="sum" time="0.003" classname="com.qa.testcase.Calc"/>
  <testcase name="sub" time="0.018" classname="com.qa.testcase.Calc"/>
</testsuite> <!-- com.qa.testcase.Calc -->
