<?xml version="1.0" encoding="UTF-8"?>
<!-- Generated by org.testng.reporters.JUnitReportReporter -->
<testsuite skipped="0" hostname="Compaq-PC" name="com.qa.testcases.LoginPageTest" tests="7" failures="0" timestamp="31 May 2018 19:05:54 GMT" time="307.213" errors="0">
  <testcase name="login1" time="21.589" classname="com.qa.testcases.LoginPageTest"/>
  <testcase name="login1" time="26.087" classname="com.qa.testcases.LoginPageTest"/>
  <testcase name="login1" time="26.228" classname="com.qa.testcases.LoginPageTest"/>
  <testcase name="login1" time="77.581" classname="com.qa.testcases.LoginPageTest"/>
  <testcase name="login1" time="79.892" classname="com.qa.testcases.LoginPageTest"/>
  <testcase name="login1" time="53.905" classname="com.qa.testcases.LoginPageTest"/>
  <testcase name="login1" time="21.931" classname="com.qa.testcases.LoginPageTest"/>
</testsuite> <!-- com.qa.testcases.LoginPageTest -->
